<?xml version="1.0" encoding="UTF-8"?>
<testsuite xmlns:xsi="http://www.w3.org/2001/XMLSchema-instance" xsi:noNamespaceSchemaLocation="https://maven.apache.org/surefire/maven-surefire-plugin/xsd/surefire-test-report-3.0.xsd" version="3.0" name="com.nlu.DecentAndCraft.DecentAndCraftApplicationTests" time="40.629" tests="1" errors="0" skipped="0" failures="0">
  <properties>
    <property name="java.specification.version" value="21"/>
    <property name="sun.jnu.encoding" value="UTF-8"/>
    <property name="java.class.path" value="/home/dbt19/dev/decent-and-craft-server/target/test-classes:/home/dbt19/dev/decent-and-craft-server/target/classes:/home/dbt19/.m2/repository/org/springframework/boot/spring-boot-starter-data-jpa/3.3.1/spring-boot-starter-data-jpa-3.3.1.jar:/home/dbt19/.m2/repository/org/springframework/boot/spring-boot-starter-aop/3.3.1/spring-boot-starter-aop-3.3.1.jar:/home/dbt19/.m2/repository/org/springframework/spring-aop/6.1.10/spring-aop-6.1.10.jar:/home/dbt19/.m2/repository/org/aspectj/aspectjweaver/1.9.22/aspectjweaver-1.9.22.jar:/home/dbt19/.m2/repository/org/springframework/boot/spring-boot-starter-jdbc/3.3.1/spring-boot-starter-jdbc-3.3.1.jar:/home/dbt19/.m2/repository/com/zaxxer/HikariCP/5.1.0/HikariCP-5.1.0.jar:/home/dbt19/.m2/repository/org/springframework/spring-jdbc/6.1.10/spring-jdbc-6.1.10.jar:/home/dbt19/.m2/repository/org/hibernate/orm/hibernate-core/6.5.2.Final/hibernate-core-6.5.2.Final.jar:/home/dbt19/.m2/repository/jakarta/persistence/jakarta.persistence-api/3.1.0/jakarta.persistence-api-3.1.0.jar:/home/dbt19/.m2/repository/jakarta/transaction/jakarta.transaction-api/2.0.1/jakarta.transaction-api-2.0.1.jar:/home/dbt19/.m2/repository/org/jboss/logging/jboss-logging/3.5.3.Final/jboss-logging-3.5.3.Final.jar:/home/dbt19/.m2/repository/org/hibernate/common/hibernate-commons-annotations/6.0.6.Final/hibernate-commons-annotations-6.0.6.Final.jar:/home/dbt19/.m2/repository/io/smallrye/jandex/3.1.2/jandex-3.1.2.jar:/home/dbt19/.m2/repository/com/fasterxml/classmate/1.7.0/classmate-1.7.0.jar:/home/dbt19/.m2/repository/net/bytebuddy/byte-buddy/1.14.17/byte-buddy-1.14.17.jar:/home/dbt19/.m2/repository/org/glassfish/jaxb/jaxb-runtime/4.0.5/jaxb-runtime-4.0.5.jar:/home/dbt19/.m2/repository/org/glassfish/jaxb/jaxb-core/4.0.5/jaxb-core-4.0.5.jar:/home/dbt19/.m2/repository/org/eclipse/angus/angus-activation/2.0.2/angus-activation-2.0.2.jar:/home/dbt19/.m2/repository/org/glassfish/jaxb/txw2/4.0.5/txw2-4.0.5.jar:/home/dbt19/.m2/repository/com/sun/istack/istack-commons-runtime/4.1.2/istack-commons-runtime-4.1.2.jar:/home/dbt19/.m2/repository/jakarta/inject/jakarta.inject-api/2.0.1/jakarta.inject-api-2.0.1.jar:/home/dbt19/.m2/repository/org/antlr/antlr4-runtime/4.13.0/antlr4-runtime-4.13.0.jar:/home/dbt19/.m2/repository/org/springframework/data/spring-data-jpa/3.3.1/spring-data-jpa-3.3.1.jar:/home/dbt19/.m2/repository/org/springframework/data/spring-data-commons/3.3.1/spring-data-commons-3.3.1.jar:/home/dbt19/.m2/repository/org/springframework/spring-orm/6.1.10/spring-orm-6.1.10.jar:/home/dbt19/.m2/repository/org/springframework/spring-context/6.1.10/spring-context-6.1.10.jar:/home/dbt19/.m2/repository/org/springframework/spring-tx/6.1.10/spring-tx-6.1.10.jar:/home/dbt19/.m2/repository/org/springframework/spring-beans/6.1.10/spring-beans-6.1.10.jar:/home/dbt19/.m2/repository/jakarta/annotation/jakarta.annotation-api/2.1.1/jakarta.annotation-api-2.1.1.jar:/home/dbt19/.m2/repository/org/slf4j/slf4j-api/2.0.13/slf4j-api-2.0.13.jar:/home/dbt19/.m2/repository/org/springframework/spring-aspects/6.1.10/spring-aspects-6.1.10.jar:/home/dbt19/.m2/repository/org/springframework/boot/spring-boot-starter-web/3.3.1/spring-boot-starter-web-3.3.1.jar:/home/dbt19/.m2/repository/org/springframework/boot/spring-boot-starter/3.3.1/spring-boot-starter-3.3.1.jar:/home/dbt19/.m2/repository/org/springframework/boot/spring-boot-starter-logging/3.3.1/spring-boot-starter-logging-3.3.1.jar:/home/dbt19/.m2/repository/ch/qos/logback/logback-classic/1.5.6/logback-classic-1.5.6.jar:/home/dbt19/.m2/repository/ch/qos/logback/logback-core/1.5.6/logback-core-1.5.6.jar:/home/dbt19/.m2/repository/org/apache/logging/log4j/log4j-to-slf4j/2.23.1/log4j-to-slf4j-2.23.1.jar:/home/dbt19/.m2/repository/org/apache/logging/log4j/log4j-api/2.23.1/log4j-api-2.23.1.jar:/home/dbt19/.m2/repository/org/slf4j/jul-to-slf4j/2.0.13/jul-to-slf4j-2.0.13.jar:/home/dbt19/.m2/repository/org/yaml/snakeyaml/2.2/snakeyaml-2.2.jar:/home/dbt19/.m2/repository/org/springframework/boot/spring-boot-starter-json/3.3.1/spring-boot-starter-json-3.3.1.jar:/home/dbt19/.m2/repository/com/fasterxml/jackson/core/jackson-databind/2.17.1/jackson-databind-2.17.1.jar:/home/dbt19/.m2/repository/com/fasterxml/jackson/core/jackson-annotations/2.17.1/jackson-annotations-2.17.1.jar:/home/dbt19/.m2/repository/com/fasterxml/jackson/core/jackson-core/2.17.1/jackson-core-2.17.1.jar:/home/dbt19/.m2/repository/com/fasterxml/jackson/datatype/jackson-datatype-jdk8/2.17.1/jackson-datatype-jdk8-2.17.1.jar:/home/dbt19/.m2/repository/com/fasterxml/jackson/datatype/jackson-datatype-jsr310/2.17.1/jackson-datatype-jsr310-2.17.1.jar:/home/dbt19/.m2/repository/com/fasterxml/jackson/module/jackson-module-parameter-names/2.17.1/jackson-module-parameter-names-2.17.1.jar:/home/dbt19/.m2/repository/org/springframework/boot/spring-boot-starter-tomcat/3.3.1/spring-boot-starter-tomcat-3.3.1.jar:/home/dbt19/.m2/repository/org/apache/tomcat/embed/tomcat-embed-core/10.1.25/tomcat-embed-core-10.1.25.jar:/home/dbt19/.m2/repository/org/apache/tomcat/embed/tomcat-embed-websocket/10.1.25/tomcat-embed-websocket-10.1.25.jar:/home/dbt19/.m2/repository/org/springframework/spring-web/6.1.10/spring-web-6.1.10.jar:/home/dbt19/.m2/repository/io/micrometer/micrometer-observation/1.13.1/micrometer-observation-1.13.1.jar:/home/dbt19/.m2/repository/io/micrometer/micrometer-commons/1.13.1/micrometer-commons-1.13.1.jar:/home/dbt19/.m2/repository/org/springframework/spring-webmvc/6.1.10/spring-webmvc-6.1.10.jar:/home/dbt19/.m2/repository/org/springframework/spring-expression/6.1.10/spring-expression-6.1.10.jar:/home/dbt19/.m2/repository/org/springframework/boot/spring-boot-devtools/3.3.1/spring-boot-devtools-3.3.1.jar:/home/dbt19/.m2/repository/org/springframework/boot/spring-boot/3.3.1/spring-boot-3.3.1.jar:/home/dbt19/.m2/repository/org/springframework/boot/spring-boot-autoconfigure/3.3.1/spring-boot-autoconfigure-3.3.1.jar:/home/dbt19/.m2/repository/com/mysql/mysql-connector-j/8.3.0/mysql-connector-j-8.3.0.jar:/home/dbt19/.m2/repository/org/projectlombok/lombok/1.18.32/lombok-1.18.32.jar:/home/dbt19/.m2/repository/org/springframework/boot/spring-boot-starter-validation/3.3.0/spring-boot-starter-validation-3.3.0.jar:/home/dbt19/.m2/repository/org/apache/tomcat/embed/tomcat-embed-el/10.1.25/tomcat-embed-el-10.1.25.jar:/home/dbt19/.m2/repository/org/hibernate/validator/hibernate-validator/8.0.1.Final/hibernate-validator-8.0.1.Final.jar:/home/dbt19/.m2/repository/jakarta/validation/jakarta.validation-api/3.0.2/jakarta.validation-api-3.0.2.jar:/home/dbt19/.m2/repository/org/mapstruct/mapstruct/1.5.5.Final/mapstruct-1.5.5.Final.jar:/home/dbt19/.m2/repository/org/mapstruct/mapstruct-processor/1.5.5.Final/mapstruct-processor-1.5.5.Final.jar:/home/dbt19/.m2/repository/org/springframework/security/spring-security-crypto/6.3.0/spring-security-crypto-6.3.0.jar:/home/dbt19/.m2/repository/org/springframework/boot/spring-boot-starter-test/3.3.1/spring-boot-starter-test-3.3.1.jar:/home/dbt19/.m2/repository/org/springframework/boot/spring-boot-test/3.3.1/spring-boot-test-3.3.1.jar:/home/dbt19/.m2/repository/org/springframework/boot/spring-boot-test-autoconfigure/3.3.1/spring-boot-test-autoconfigure-3.3.1.jar:/home/dbt19/.m2/repository/com/jayway/jsonpath/json-path/2.9.0/json-path-2.9.0.jar:/home/dbt19/.m2/repository/jakarta/xml/bind/jakarta.xml.bind-api/4.0.2/jakarta.xml.bind-api-4.0.2.jar:/home/dbt19/.m2/repository/jakarta/activation/jakarta.activation-api/2.1.3/jakarta.activation-api-2.1.3.jar:/home/dbt19/.m2/repository/net/minidev/json-smart/2.5.1/json-smart-2.5.1.jar:/home/dbt19/.m2/repository/net/minidev/accessors-smart/2.5.1/accessors-smart-2.5.1.jar:/home/dbt19/.m2/repository/org/ow2/asm/asm/9.6/asm-9.6.jar:/home/dbt19/.m2/repository/org/assertj/assertj-core/3.25.3/assertj-core-3.25.3.jar:/home/dbt19/.m2/repository/org/awaitility/awaitility/4.2.1/awaitility-4.2.1.jar:/home/dbt19/.m2/repository/org/hamcrest/hamcrest/2.2/hamcrest-2.2.jar:/home/dbt19/.m2/repository/org/junit/jupiter/junit-jupiter/5.10.2/junit-jupiter-5.10.2.jar:/home/dbt19/.m2/repository/org/junit/jupiter/junit-jupiter-api/5.10.2/junit-jupiter-api-5.10.2.jar:/home/dbt19/.m2/repository/org/opentest4j/opentest4j/1.3.0/opentest4j-1.3.0.jar:/home/dbt19/.m2/repository/org/junit/platform/junit-platform-commons/1.10.2/junit-platform-commons-1.10.2.jar:/home/dbt19/.m2/repository/org/apiguardian/apiguardian-api/1.1.2/apiguardian-api-1.1.2.jar:/home/dbt19/.m2/repository/org/junit/jupiter/junit-jupiter-params/5.10.2/junit-jupiter-params-5.10.2.jar:/home/dbt19/.m2/repository/org/junit/jupiter/junit-jupiter-engine/5.10.2/junit-jupiter-engine-5.10.2.jar:/home/dbt19/.m2/repository/org/junit/platform/junit-platform-engine/1.10.2/junit-platform-engine-1.10.2.jar:/home/dbt19/.m2/repository/org/mockito/mockito-core/5.11.0/mockito-core-5.11.0.jar:/home/dbt19/.m2/repository/net/bytebuddy/byte-buddy-agent/1.14.17/byte-buddy-agent-1.14.17.jar:/home/dbt19/.m2/repository/org/objenesis/objenesis/3.3/objenesis-3.3.jar:/home/dbt19/.m2/repository/org/mockito/mockito-junit-jupiter/5.11.0/mockito-junit-jupiter-5.11.0.jar:/home/dbt19/.m2/repository/org/skyscreamer/jsonassert/1.5.1/jsonassert-1.5.1.jar:/home/dbt19/.m2/repository/com/vaadin/external/google/android-json/0.0.20131108.vaadin1/android-json-0.0.20131108.vaadin1.jar:/home/dbt19/.m2/repository/org/springframework/spring-core/6.1.10/spring-core-6.1.10.jar:/home/dbt19/.m2/repository/org/springframework/spring-jcl/6.1.10/spring-jcl-6.1.10.jar:/home/dbt19/.m2/repository/org/springframework/spring-test/6.1.10/spring-test-6.1.10.jar:/home/dbt19/.m2/repository/org/xmlunit/xmlunit-core/2.9.1/xmlunit-core-2.9.1.jar:"/>
    <property name="java.vm.vendor" value="Ubuntu"/>
    <property name="sun.arch.data.model" value="64"/>
    <property name="java.vendor.url" value="https://ubuntu.com/"/>
    <property name="user.timezone" value="Asia/Ho_Chi_Minh"/>
    <property name="org.jboss.logging.provider" value="slf4j"/>
    <property name="os.name" value="Linux"/>
    <property name="java.vm.specification.version" value="21"/>
    <property name="sun.java.launcher" value="SUN_STANDARD"/>
    <property name="user.country" value="US"/>
    <property name="sun.boot.library.path" value="/usr/lib/jvm/java-21-openjdk-amd64/lib"/>
    <property name="sun.java.command" value="/home/dbt19/dev/decent-and-craft-server/target/surefire/surefirebooter-20240708080431075_3.jar /home/dbt19/dev/decent-and-craft-server/target/surefire 2024-07-08T08-04-30_925-jvmRun1 surefire-20240708080431075_1tmp surefire_0-20240708080431075_2tmp"/>
    <property name="jdk.debug" value="release"/>
    <property name="surefire.test.class.path" value="/home/dbt19/dev/decent-and-craft-server/target/test-classes:/home/dbt19/dev/decent-and-craft-server/target/classes:/home/dbt19/.m2/repository/org/springframework/boot/spring-boot-starter-data-jpa/3.3.1/spring-boot-starter-data-jpa-3.3.1.jar:/home/dbt19/.m2/repository/org/springframework/boot/spring-boot-starter-aop/3.3.1/spring-boot-starter-aop-3.3.1.jar:/home/dbt19/.m2/repository/org/springframework/spring-aop/6.1.10/spring-aop-6.1.10.jar:/home/dbt19/.m2/repository/org/aspectj/aspectjweaver/1.9.22/aspectjweaver-1.9.22.jar:/home/dbt19/.m2/repository/org/springframework/boot/spring-boot-starter-jdbc/3.3.1/spring-boot-starter-jdbc-3.3.1.jar:/home/dbt19/.m2/repository/com/zaxxer/HikariCP/5.1.0/HikariCP-5.1.0.jar:/home/dbt19/.m2/repository/org/springframework/spring-jdbc/6.1.10/spring-jdbc-6.1.10.jar:/home/dbt19/.m2/repository/org/hibernate/orm/hibernate-core/6.5.2.Final/hibernate-core-6.5.2.Final.jar:/home/dbt19/.m2/repository/jakarta/persistence/jakarta.persistence-api/3.1.0/jakarta.persistence-api-3.1.0.jar:/home/dbt19/.m2/repository/jakarta/transaction/jakarta.transaction-api/2.0.1/jakarta.transaction-api-2.0.1.jar:/home/dbt19/.m2/repository/org/jboss/logging/jboss-logging/3.5.3.Final/jboss-logging-3.5.3.Final.jar:/home/dbt19/.m2/repository/org/hibernate/common/hibernate-commons-annotations/6.0.6.Final/hibernate-commons-annotations-6.0.6.Final.jar:/home/dbt19/.m2/repository/io/smallrye/jandex/3.1.2/jandex-3.1.2.jar:/home/dbt19/.m2/repository/com/fasterxml/classmate/1.7.0/classmate-1.7.0.jar:/home/dbt19/.m2/repository/net/bytebuddy/byte-buddy/1.14.17/byte-buddy-1.14.17.jar:/home/dbt19/.m2/repository/org/glassfish/jaxb/jaxb-runtime/4.0.5/jaxb-runtime-4.0.5.jar:/home/dbt19/.m2/repository/org/glassfish/jaxb/jaxb-core/4.0.5/jaxb-core-4.0.5.jar:/home/dbt19/.m2/repository/org/eclipse/angus/angus-activation/2.0.2/angus-activation-2.0.2.jar:/home/dbt19/.m2/repository/org/glassfish/jaxb/txw2/4.0.5/txw2-4.0.5.jar:/home/dbt19/.m2/repository/com/sun/istack/istack-commons-runtime/4.1.2/istack-commons-runtime-4.1.2.jar:/home/dbt19/.m2/repository/jakarta/inject/jakarta.inject-api/2.0.1/jakarta.inject-api-2.0.1.jar:/home/dbt19/.m2/repository/org/antlr/antlr4-runtime/4.13.0/antlr4-runtime-4.13.0.jar:/home/dbt19/.m2/repository/org/springframework/data/spring-data-jpa/3.3.1/spring-data-jpa-3.3.1.jar:/home/dbt19/.m2/repository/org/springframework/data/spring-data-commons/3.3.1/spring-data-commons-3.3.1.jar:/home/dbt19/.m2/repository/org/springframework/spring-orm/6.1.10/spring-orm-6.1.10.jar:/home/dbt19/.m2/repository/org/springframework/spring-context/6.1.10/spring-context-6.1.10.jar:/home/dbt19/.m2/repository/org/springframework/spring-tx/6.1.10/spring-tx-6.1.10.jar:/home/dbt19/.m2/repository/org/springframework/spring-beans/6.1.10/spring-beans-6.1.10.jar:/home/dbt19/.m2/repository/jakarta/annotation/jakarta.annotation-api/2.1.1/jakarta.annotation-api-2.1.1.jar:/home/dbt19/.m2/repository/org/slf4j/slf4j-api/2.0.13/slf4j-api-2.0.13.jar:/home/dbt19/.m2/repository/org/springframework/spring-aspects/6.1.10/spring-aspects-6.1.10.jar:/home/dbt19/.m2/repository/org/springframework/boot/spring-boot-starter-web/3.3.1/spring-boot-starter-web-3.3.1.jar:/home/dbt19/.m2/repository/org/springframework/boot/spring-boot-starter/3.3.1/spring-boot-starter-3.3.1.jar:/home/dbt19/.m2/repository/org/springframework/boot/spring-boot-starter-logging/3.3.1/spring-boot-starter-logging-3.3.1.jar:/home/dbt19/.m2/repository/ch/qos/logback/logback-classic/1.5.6/logback-classic-1.5.6.jar:/home/dbt19/.m2/repository/ch/qos/logback/logback-core/1.5.6/logback-core-1.5.6.jar:/home/dbt19/.m2/repository/org/apache/logging/log4j/log4j-to-slf4j/2.23.1/log4j-to-slf4j-2.23.1.jar:/home/dbt19/.m2/repository/org/apache/logging/log4j/log4j-api/2.23.1/log4j-api-2.23.1.jar:/home/dbt19/.m2/repository/org/slf4j/jul-to-slf4j/2.0.13/jul-to-slf4j-2.0.13.jar:/home/dbt19/.m2/repository/org/yaml/snakeyaml/2.2/snakeyaml-2.2.jar:/home/dbt19/.m2/repository/org/springframework/boot/spring-boot-starter-json/3.3.1/spring-boot-starter-json-3.3.1.jar:/home/dbt19/.m2/repository/com/fasterxml/jackson/core/jackson-databind/2.17.1/jackson-databind-2.17.1.jar:/home/dbt19/.m2/repository/com/fasterxml/jackson/core/jackson-annotations/2.17.1/jackson-annotations-2.17.1.jar:/home/dbt19/.m2/repository/com/fasterxml/jackson/core/jackson-core/2.17.1/jackson-core-2.17.1.jar:/home/dbt19/.m2/repository/com/fasterxml/jackson/datatype/jackson-datatype-jdk8/2.17.1/jackson-datatype-jdk8-2.17.1.jar:/home/dbt19/.m2/repository/com/fasterxml/jackson/datatype/jackson-datatype-jsr310/2.17.1/jackson-datatype-jsr310-2.17.1.jar:/home/dbt19/.m2/repository/com/fasterxml/jackson/module/jackson-module-parameter-names/2.17.1/jackson-module-parameter-names-2.17.1.jar:/home/dbt19/.m2/repository/org/springframework/boot/spring-boot-starter-tomcat/3.3.1/spring-boot-starter-tomcat-3.3.1.jar:/home/dbt19/.m2/repository/org/apache/tomcat/embed/tomcat-embed-core/10.1.25/tomcat-embed-core-10.1.25.jar:/home/dbt19/.m2/repository/org/apache/tomcat/embed/tomcat-embed-websocket/10.1.25/tomcat-embed-websocket-10.1.25.jar:/home/dbt19/.m2/repository/org/springframework/spring-web/6.1.10/spring-web-6.1.10.jar:/home/dbt19/.m2/repository/io/micrometer/micrometer-observation/1.13.1/micrometer-observation-1.13.1.jar:/home/dbt19/.m2/repository/io/micrometer/micrometer-commons/1.13.1/micrometer-commons-1.13.1.jar:/home/dbt19/.m2/repository/org/springframework/spring-webmvc/6.1.10/spring-webmvc-6.1.10.jar:/home/dbt19/.m2/repository/org/springframework/spring-expression/6.1.10/spring-expression-6.1.10.jar:/home/dbt19/.m2/repository/org/springframework/boot/spring-boot-devtools/3.3.1/spring-boot-devtools-3.3.1.jar:/home/dbt19/.m2/repository/org/springframework/boot/spring-boot/3.3.1/spring-boot-3.3.1.jar:/home/dbt19/.m2/repository/org/springframework/boot/spring-boot-autoconfigure/3.3.1/spring-boot-autoconfigure-3.3.1.jar:/home/dbt19/.m2/repository/com/mysql/mysql-connector-j/8.3.0/mysql-connector-j-8.3.0.jar:/home/dbt19/.m2/repository/org/projectlombok/lombok/1.18.32/lombok-1.18.32.jar:/home/dbt19/.m2/repository/org/springframework/boot/spring-boot-starter-validation/3.3.0/spring-boot-starter-validation-3.3.0.jar:/home/dbt19/.m2/repository/org/apache/tomcat/embed/tomcat-embed-el/10.1.25/tomcat-embed-el-10.1.25.jar:/home/dbt19/.m2/repository/org/hibernate/validator/hibernate-validator/8.0.1.Final/hibernate-validator-8.0.1.Final.jar:/home/dbt19/.m2/repository/jakarta/validation/jakarta.validation-api/3.0.2/jakarta.validation-api-3.0.2.jar:/home/dbt19/.m2/repository/org/mapstruct/mapstruct/1.5.5.Final/mapstruct-1.5.5.Final.jar:/home/dbt19/.m2/repository/org/mapstruct/mapstruct-processor/1.5.5.Final/mapstruct-processor-1.5.5.Final.jar:/home/dbt19/.m2/repository/org/springframework/security/spring-security-crypto/6.3.0/spring-security-crypto-6.3.0.jar:/home/dbt19/.m2/repository/org/springframework/boot/spring-boot-starter-test/3.3.1/spring-boot-starter-test-3.3.1.jar:/home/dbt19/.m2/repository/org/springframework/boot/spring-boot-test/3.3.1/spring-boot-test-3.3.1.jar:/home/dbt19/.m2/repository/org/springframework/boot/spring-boot-test-autoconfigure/3.3.1/spring-boot-test-autoconfigure-3.3.1.jar:/home/dbt19/.m2/repository/com/jayway/jsonpath/json-path/2.9.0/json-path-2.9.0.jar:/home/dbt19/.m2/repository/jakarta/xml/bind/jakarta.xml.bind-api/4.0.2/jakarta.xml.bind-api-4.0.2.jar:/home/dbt19/.m2/repository/jakarta/activation/jakarta.activation-api/2.1.3/jakarta.activation-api-2.1.3.jar:/home/dbt19/.m2/repository/net/minidev/json-smart/2.5.1/json-smart-2.5.1.jar:/home/dbt19/.m2/repository/net/minidev/accessors-smart/2.5.1/accessors-smart-2.5.1.jar:/home/dbt19/.m2/repository/org/ow2/asm/asm/9.6/asm-9.6.jar:/home/dbt19/.m2/repository/org/assertj/assertj-core/3.25.3/assertj-core-3.25.3.jar:/home/dbt19/.m2/repository/org/awaitility/awaitility/4.2.1/awaitility-4.2.1.jar:/home/dbt19/.m2/repository/org/hamcrest/hamcrest/2.2/hamcrest-2.2.jar:/home/dbt19/.m2/repository/org/junit/jupiter/junit-jupiter/5.10.2/junit-jupiter-5.10.2.jar:/home/dbt19/.m2/repository/org/junit/jupiter/junit-jupiter-api/5.10.2/junit-jupiter-api-5.10.2.jar:/home/dbt19/.m2/repository/org/opentest4j/opentest4j/1.3.0/opentest4j-1.3.0.jar:/home/dbt19/.m2/repository/org/junit/platform/junit-platform-commons/1.10.2/junit-platform-commons-1.10.2.jar:/home/dbt19/.m2/repository/org/apiguardian/apiguardian-api/1.1.2/apiguardian-api-1.1.2.jar:/home/dbt19/.m2/repository/org/junit/jupiter/junit-jupiter-params/5.10.2/junit-jupiter-params-5.10.2.jar:/home/dbt19/.m2/repository/org/junit/jupiter/junit-jupiter-engine/5.10.2/junit-jupiter-engine-5.10.2.jar:/home/dbt19/.m2/repository/org/junit/platform/junit-platform-engine/1.10.2/junit-platform-engine-1.10.2.jar:/home/dbt19/.m2/repository/org/mockito/mockito-core/5.11.0/mockito-core-5.11.0.jar:/home/dbt19/.m2/repository/net/bytebuddy/byte-buddy-agent/1.14.17/byte-buddy-agent-1.14.17.jar:/home/dbt19/.m2/repository/org/objenesis/objenesis/3.3/objenesis-3.3.jar:/home/dbt19/.m2/repository/org/mockito/mockito-junit-jupiter/5.11.0/mockito-junit-jupiter-5.11.0.jar:/home/dbt19/.m2/repository/org/skyscreamer/jsonassert/1.5.1/jsonassert-1.5.1.jar:/home/dbt19/.m2/repository/com/vaadin/external/google/android-json/0.0.20131108.vaadin1/android-json-0.0.20131108.vaadin1.jar:/home/dbt19/.m2/repository/org/springframework/spring-core/6.1.10/spring-core-6.1.10.jar:/home/dbt19/.m2/repository/org/springframework/spring-jcl/6.1.10/spring-jcl-6.1.10.jar:/home/dbt19/.m2/repository/org/springframework/spring-test/6.1.10/spring-test-6.1.10.jar:/home/dbt19/.m2/repository/org/xmlunit/xmlunit-core/2.9.1/xmlunit-core-2.9.1.jar:"/>
    <property name="sun.cpu.endian" value="little"/>
    <property name="user.home" value="/home/dbt19"/>
    <property name="user.language" value="en"/>
    <property name="java.specification.vendor" value="Oracle Corporation"/>
    <property name="java.version.date" value="2024-04-16"/>
    <property name="java.home" value="/usr/lib/jvm/java-21-openjdk-amd64"/>
    <property name="file.separator" value="/"/>
    <property name="basedir" value="/home/dbt19/dev/decent-and-craft-server"/>
    <property name="java.vm.compressedOopsMode" value="32-bit"/>
    <property name="line.separator" value="&#10;"/>
    <property name="java.vm.specification.vendor" value="Oracle Corporation"/>
    <property name="java.specification.name" value="Java Platform API Specification"/>
    <property name="FILE_LOG_CHARSET" value="UTF-8"/>
    <property name="java.awt.headless" value="true"/>
    <property name="surefire.real.class.path" value="/home/dbt19/dev/decent-and-craft-server/target/surefire/surefirebooter-20240708080431075_3.jar"/>
    <property name="sun.management.compiler" value="HotSpot 64-Bit Tiered Compilers"/>
    <property name="java.runtime.version" value="21.0.3+9-Ubuntu-1ubuntu122.04.1"/>
    <property name="user.name" value="dbt19"/>
    <property name="stdout.encoding" value="UTF-8"/>
    <property name="path.separator" value=":"/>
    <property name="os.version" value="6.5.0-41-generic"/>
    <property name="java.runtime.name" value="OpenJDK Runtime Environment"/>
    <property name="file.encoding" value="UTF-8"/>
    <property name="java.vm.name" value="OpenJDK 64-Bit Server VM"/>
    <property name="localRepository" value="/home/dbt19/.m2/repository"/>
    <property name="java.vendor.url.bug" value="https://bugs.launchpad.net/ubuntu/+source/openjdk-21"/>
    <property name="java.io.tmpdir" value="/tmp"/>
    <property name="idea.version" value="2024.1.4"/>
    <property name="com.zaxxer.hikari.pool_number" value="1"/>
    <property name="java.version" value="21.0.3"/>
    <property name="user.dir" value="/home/dbt19/dev/decent-and-craft-server"/>
    <property name="os.arch" value="amd64"/>
    <property name="java.vm.specification.name" value="Java Virtual Machine Specification"/>
    <property name="PID" value="9602"/>
    <property name="CONSOLE_LOG_CHARSET" value="UTF-8"/>
    <property name="native.encoding" value="UTF-8"/>
    <property name="java.library.path" value="/usr/java/packages/lib:/usr/lib/x86_64-linux-gnu/jni:/lib/x86_64-linux-gnu:/usr/lib/x86_64-linux-gnu:/usr/lib/jni:/lib:/usr/lib"/>
    <property name="java.vm.info" value="mixed mode, sharing"/>
    <property name="stderr.encoding" value="UTF-8"/>
    <property name="java.vendor" value="Ubuntu"/>
    <property name="java.vm.version" value="21.0.3+9-Ubuntu-1ubuntu122.04.1"/>
    <property name="sun.io.unicode.encoding" value="UnicodeLittle"/>
    <property name="java.class.version" value="65.0"/>
    <property name="LOGGED_APPLICATION_NAME" value="[DecentAndCraft] "/>
  </properties>
  <testcase name="contextLoads" classname="com.nlu.DecentAndCraft.DecentAndCraftApplicationTests" time="0.661">
    <system-out><![CDATA[08:04:32.728 [main] INFO org.springframework.test.context.support.AnnotationConfigContextLoaderUtils -- Could not detect default configuration classes for test class [com.nlu.DecentAndCraft.DecentAndCraftApplicationTests]: DecentAndCraftApplicationTests does not declare any static, non-private, non-final, nested classes annotated with @Configuration.
08:04:32.970 [main] INFO org.springframework.boot.test.context.SpringBootTestContextBootstrapper -- Found @SpringBootConfiguration com.nlu.DecentAndCraft.DecentAndCraftApplication for test class com.nlu.DecentAndCraft.DecentAndCraftApplicationTests
08:04:33.275 [main] INFO org.springframework.boot.devtools.restart.RestartApplicationListener -- Restart disabled due to context in which it is running

  .   ____          _            __ _ _
 /\\ / ___'_ __ _ _(_)_ __  __ _ \ \ \ \
( ( )\___ | '_ | '_| | '_ \/ _` | \ \ \ \
 \\/  ___)| |_)| | | | | || (_| |  ) ) ) )
  '  |____| .__|_| |_|_| |_\__, | / / / /
 =========|_|==============|___/=/_/_/_/

 :: Spring Boot ::                (v3.3.1)

2024-07-08T08:04:33.577+07:00  INFO 9602 --- [DecentAndCraft] [           main] c.n.D.DecentAndCraftApplicationTests     : Starting DecentAndCraftApplicationTests using Java 21.0.3 with PID 9602 (started by dbt19 in /home/dbt19/dev/decent-and-craft-server)
2024-07-08T08:04:33.579+07:00  INFO 9602 --- [DecentAndCraft] [           main] c.n.D.DecentAndCraftApplicationTests     : No active profile set, falling back to 1 default profile: "default"
2024-07-08T08:04:34.566+07:00  INFO 9602 --- [DecentAndCraft] [           main] .s.d.r.c.RepositoryConfigurationDelegate : Bootstrapping Spring Data JPA repositories in DEFAULT mode.
2024-07-08T08:04:34.672+07:00  INFO 9602 --- [DecentAndCraft] [           main] .s.d.r.c.RepositoryConfigurationDelegate : Finished Spring Data repository scanning in 98 ms. Found 10 JPA repository interfaces.
2024-07-08T08:04:35.383+07:00  INFO 9602 --- [DecentAndCraft] [           main] o.hibernate.jpa.internal.util.LogHelper  : HHH000204: Processing PersistenceUnitInfo [name: default]
2024-07-08T08:04:35.430+07:00  INFO 9602 --- [DecentAndCraft] [           main] org.hibernate.Version                    : HHH000412: Hibernate ORM core version 6.5.2.Final
2024-07-08T08:04:35.477+07:00  INFO 9602 --- [DecentAndCraft] [           main] o.h.c.internal.RegionFactoryInitiator    : HHH000026: Second-level cache disabled
2024-07-08T08:04:35.846+07:00  INFO 9602 --- [DecentAndCraft] [           main] o.s.o.j.p.SpringPersistenceUnitInfo      : No LoadTimeWeaver setup: ignoring JPA class transformer
2024-07-08T08:04:35.878+07:00  INFO 9602 --- [DecentAndCraft] [           main] com.zaxxer.hikari.HikariDataSource       : HikariPool-1 - Starting...
2024-07-08T08:04:36.088+07:00  INFO 9602 --- [DecentAndCraft] [           main] com.zaxxer.hikari.pool.HikariPool        : HikariPool-1 - Added connection com.mysql.cj.jdbc.ConnectionImpl@52d9d817
2024-07-08T08:04:36.090+07:00  INFO 9602 --- [DecentAndCraft] [           main] com.zaxxer.hikari.HikariDataSource       : HikariPool-1 - Start completed.
2024-07-08T08:04:36.150+07:00  WARN 9602 --- [DecentAndCraft] [           main] org.hibernate.orm.deprecation            : HHH90000025: MySQL8Dialect does not need to be specified explicitly using 'hibernate.dialect' (remove the property setting and it will be selected by default)
2024-07-08T08:04:36.152+07:00  WARN 9602 --- [DecentAndCraft] [           main] org.hibernate.orm.deprecation            : HHH90000026: MySQL8Dialect has been deprecated; use org.hibernate.dialect.MySQLDialect instead
2024-07-08T08:04:37.696+07:00  INFO 9602 --- [DecentAndCraft] [           main] o.h.e.t.j.p.i.JtaPlatformInitiator       : HHH000489: No JTA platform available (set 'hibernate.transaction.jta.platform' to enable JTA platform integration)
Hibernate: alter table address drop foreign key FKda8tuywtf0gb6sedwk7la1pgi
Hibernate: alter table blog_category drop foreign key FKjbyxrx69u4xun5frkk6d5j8hv
Hibernate: alter table blog_category drop foreign key FKd9e03c7wlyfdv7dd51bvnxc4x
Hibernate: alter table image drop foreign key FK2u9r8k49mflyjw0250mya7qho
Hibernate: alter table order_detail drop foreign key FKb8bg2bkty0oksa3wiq5mp5qnc
Hibernate: alter table orders drop foreign key FKf5464gxwc32ongdvka2rtvw96
Hibernate: alter table orders drop foreign key FKel9kyl84ego2otj2accfd8mr7
Hibernate: alter table orders drop foreign key FKrx5vk9ur428660yp19hw98nr2
Hibernate: alter table product_category drop foreign key FKkud35ls1d40wpjb5htpp14q4e
Hibernate: alter table product_category drop foreign key FKquwrr7l4lsrkvudmuexgmp382
Hibernate: alter table product_detail drop foreign key FKilxoi77ctyin6jn9robktb16c
Hibernate: alter table product_detail drop foreign key FKf75mmtf9wg56i9mninf2t0ksr
Hibernate: alter table review drop foreign key FKr99wk8kqsuigvlda57m5mjitt
Hibernate: alter table review drop foreign key FKiyf57dy48lyiftdrf7y87rnxi
Hibernate: drop table if exists address
Hibernate: drop table if exists blog
Hibernate: drop table if exists blog_categories
Hibernate: drop table if exists blog_category
Hibernate: drop table if exists category
Hibernate: drop table if exists feedback
Hibernate: drop table if exists image
Hibernate: drop table if exists order_detail
Hibernate: drop table if exists orders
Hibernate: drop table if exists product
Hibernate: drop table if exists product_category
Hibernate: drop table if exists product_blog
Hibernate: drop table if exists product_detail
Hibernate: drop table if exists review
Hibernate: drop table if exists status
Hibernate: drop table if exists user
Hibernate: drop table if exists voucher
Hibernate: create table address (is_default_address bit not null, id bigint not null auto_increment, user_id bigint, description varchar(255), district varchar(255), full_name varchar(255), phone_number varchar(255), province varchar(255), ward varchar(255), primary key (id)) engine=InnoDB
Hibernate: create table blog (created_date datetime(6), id bigint not null auto_increment, modified_date datetime(6), author varchar(255), header varchar(255), thumbnail varchar(255), title varchar(255), content TEXT, primary key (id)) engine=InnoDB
Hibernate: create table blog_categories (id bigint not null auto_increment, name varchar(255), primary key (id)) engine=InnoDB
Hibernate: create table blog_category (blog_category_id bigint not null, blog_id bigint not null) engine=InnoDB
Hibernate: create table category (id bigint not null auto_increment, name varchar(255), primary key (id)) engine=InnoDB
Hibernate: create table feedback (rating integer not null, id bigint not null auto_increment, avatar varchar(255), name varchar(255), source varchar(255), comment text, primary key (id)) engine=InnoDB
Hibernate: create table image (id bigint not null auto_increment, product_detail_id bigint, url varchar(255), primary key (id)) engine=InnoDB
Hibernate: create table order_detail (price float(53) not null, quantity integer not null, id bigint not null auto_increment, product_id bigint, primary key (id)) engine=InnoDB
Hibernate: create table orders (shipping_fee float(53) not null, total_price float(53) not null, address_id bigint, created_date datetime(6), id bigint not null auto_increment, modified_date datetime(6), user_id bigint, voucher_id bigint, notice varchar(255), status enum ('CHO_THANH_TOAN','DANG_VAN_CHUYEN','DA_HUY','HOAN_THANH','HOAN_TIEN','TRA_HANG'), primary key (id)) engine=InnoDB
Hibernate: create table product (origin float(53) not null, price float(53) not null, unit_in_stock integer not null, created_date datetime(6), id bigint not null auto_increment, modified_date datetime(6), name varchar(255), thumbnail varchar(255), status enum ('AN','CON_HANG','HET_HANG'), primary key (id)) engine=InnoDB
Hibernate: create table product_category (category_id bigint not null, product_detail_id bigint not null) engine=InnoDB
Hibernate: create table product_blog (id bigint not null auto_increment, content varchar(255), primary key (id)) engine=InnoDB
Hibernate: create table product_detail (views integer not null, id bigint not null auto_increment, product_blog_id bigint, product_id bigint, primary key (id)) engine=InnoDB
Hibernate: create table review (rating integer not null, created_date datetime(6), id bigint not null auto_increment, modified_date datetime(6), product_detail_id bigint, user_id bigint, comments varchar(255), primary key (id)) engine=InnoDB
Hibernate: create table status (id bigint not null auto_increment, name varchar(255), primary key (id)) engine=InnoDB
Hibernate: create table user (created_date datetime(6), id bigint not null auto_increment, modified_date datetime(6), email varchar(255), full_name varchar(255), password varchar(255), phone varchar(255), status enum ('BI_KHOA','HOAT_DONG'), primary key (id)) engine=InnoDB
Hibernate: create table voucher (amount float(53) not null, conditions float(53) not null, expiration_date date, quantity integer not null, created_date datetime(6), id bigint not null auto_increment, modified_date datetime(6), description varchar(255), voucher_code varchar(255), primary key (id)) engine=InnoDB
Hibernate: alter table order_detail add constraint UKnkb731c2u3fxwuln18o6lyx6u unique (product_id)
Hibernate: alter table product_detail add constraint UKcou3uwqk1y1nlwas0k3ybi6gt unique (product_blog_id)
Hibernate: alter table product_detail add constraint UKn0poneags4pq2e3u2mlv7h29n unique (product_id)
Hibernate: alter table address add constraint FKda8tuywtf0gb6sedwk7la1pgi foreign key (user_id) references user (id)
Hibernate: alter table blog_category add constraint FKjbyxrx69u4xun5frkk6d5j8hv foreign key (blog_category_id) references blog_categories (id)
Hibernate: alter table blog_category add constraint FKd9e03c7wlyfdv7dd51bvnxc4x foreign key (blog_id) references blog (id)
Hibernate: alter table image add constraint FK2u9r8k49mflyjw0250mya7qho foreign key (product_detail_id) references product_detail (id)
Hibernate: alter table order_detail add constraint FKb8bg2bkty0oksa3wiq5mp5qnc foreign key (product_id) references product (id)
Hibernate: alter table orders add constraint FKf5464gxwc32ongdvka2rtvw96 foreign key (address_id) references address (id)
Hibernate: alter table orders add constraint FKel9kyl84ego2otj2accfd8mr7 foreign key (user_id) references user (id)
Hibernate: alter table orders add constraint FKrx5vk9ur428660yp19hw98nr2 foreign key (voucher_id) references voucher (id)
Hibernate: alter table product_category add constraint FKkud35ls1d40wpjb5htpp14q4e foreign key (category_id) references category (id)
Hibernate: alter table product_category add constraint FKquwrr7l4lsrkvudmuexgmp382 foreign key (product_detail_id) references product_detail (id)
Hibernate: alter table product_detail add constraint FKilxoi77ctyin6jn9robktb16c foreign key (product_id) references product (id)
Hibernate: alter table product_detail add constraint FKf75mmtf9wg56i9mninf2t0ksr foreign key (product_blog_id) references product_blog (id)
Hibernate: alter table review add constraint FKr99wk8kqsuigvlda57m5mjitt foreign key (product_detail_id) references product_detail (id)
Hibernate: alter table review add constraint FKiyf57dy48lyiftdrf7y87rnxi foreign key (user_id) references user (id)
2024-07-08T08:04:50.365+07:00  INFO 9602 --- [DecentAndCraft] [           main] j.LocalContainerEntityManagerFactoryBean : Initialized JPA EntityManagerFactory for persistence unit 'default'
2024-07-08T08:04:51.070+07:00  WARN 9602 --- [DecentAndCraft] [           main] JpaBaseConfiguration$JpaWebConfiguration : spring.jpa.open-in-view is enabled by default. Therefore, database queries may be performed during view rendering. Explicitly configure spring.jpa.open-in-view to disable this warning
2024-07-08T08:04:51.628+07:00  INFO 9602 --- [DecentAndCraft] [           main] c.n.D.DecentAndCraftApplicationTests     : Started DecentAndCraftApplicationTests in 18.369 seconds (process running for 20.441)
Hibernate: insert into product (created_date,modified_date,name,origin,price,status,thumbnail,unit_in_stock) values (?,?,?,?,?,?,?,?)
Hibernate: insert into product (created_date,modified_date,name,origin,price,status,thumbnail,unit_in_stock) values (?,?,?,?,?,?,?,?)
Hibernate: insert into product (created_date,modified_date,name,origin,price,status,thumbnail,unit_in_stock) values (?,?,?,?,?,?,?,?)
Hibernate: insert into product (created_date,modified_date,name,origin,price,status,thumbnail,unit_in_stock) values (?,?,?,?,?,?,?,?)
Hibernate: insert into product (created_date,modified_date,name,origin,price,status,thumbnail,unit_in_stock) values (?,?,?,?,?,?,?,?)
Hibernate: insert into category (name) values (?)
Hibernate: insert into category (name) values (?)
Hibernate: insert into category (name) values (?)
Hibernate: insert into category (name) values (?)
Hibernate: insert into category (name) values (?)
Hibernate: insert into category (name) values (?)
Hibernate: select p1_0.id,p1_0.created_date,p1_0.modified_date,p1_0.name,p1_0.origin,p1_0.price,p1_0.status,p1_0.thumbnail,p1_0.unit_in_stock from product p1_0 where p1_0.id=?
Hibernate: insert into product_detail (product_id,product_blog_id,views) values (?,?,?)
Hibernate: select c1_0.id,c1_0.name from category c1_0 where c1_0.id=?
Hibernate: select c1_0.id,c1_0.name from category c1_0 where c1_0.id=?
Hibernate: select pd1_0.id,p1_0.id,p1_0.created_date,p1_0.modified_date,p1_0.name,p1_0.origin,p1_0.price,p1_0.status,p1_0.thumbnail,p1_0.unit_in_stock,pb1_0.id,pb1_0.content,pd1_0.views,cl1_0.product_detail_id,cl1_1.id,cl1_1.name from product_detail pd1_0 left join product p1_0 on p1_0.id=pd1_0.product_id left join product_blog pb1_0 on pb1_0.id=pd1_0.product_blog_id left join product_category cl1_0 on pd1_0.id=cl1_0.product_detail_id left join category cl1_1 on cl1_1.id=cl1_0.category_id where pd1_0.id=?
Hibernate: select rl1_0.product_detail_id,rl1_0.id,rl1_0.comments,rl1_0.created_date,rl1_0.modified_date,rl1_0.rating,u1_0.id,u1_0.created_date,u1_0.email,u1_0.full_name,u1_0.modified_date,u1_0.password,u1_0.phone,u1_0.status from review rl1_0 left join user u1_0 on u1_0.id=rl1_0.user_id where rl1_0.product_detail_id=?
Hibernate: select il1_0.product_detail_id,il1_0.id,il1_0.url from image il1_0 where il1_0.product_detail_id=?
Hibernate: select c1_0.id,c1_0.name from category c1_0 where c1_0.id=?
Hibernate: select c1_0.id,c1_0.name from category c1_0 where c1_0.id=?
Hibernate: select i1_0.id,i1_0.product_detail_id,i1_0.url from image i1_0 where i1_0.id=?
Hibernate: insert into image (product_detail_id,url) values (?,?)
Hibernate: select i1_0.id,i1_0.product_detail_id,i1_0.url from image i1_0 where i1_0.id=?
Hibernate: insert into image (product_detail_id,url) values (?,?)
Hibernate: select p1_0.id,p1_0.created_date,p1_0.modified_date,p1_0.name,p1_0.origin,p1_0.price,p1_0.status,p1_0.thumbnail,p1_0.unit_in_stock from product p1_0 where p1_0.id=?
Hibernate: select pb1_0.id,pb1_0.content from product_blog pb1_0 where pb1_0.id=?
Hibernate: insert into product_blog (content) values (?)
Hibernate: update product_detail set product_id=?,product_blog_id=?,views=? where id=?
Hibernate: insert into product_category (product_detail_id,category_id) values (?,?)
Hibernate: insert into product_category (product_detail_id,category_id) values (?,?)
Hibernate: insert into blog_categories (name) values (?)
Hibernate: insert into blog_categories (name) values (?)
Hibernate: insert into blog_categories (name) values (?)
Hibernate: insert into blog_categories (name) values (?)
Hibernate: select bc1_0.id,bc1_0.name from blog_categories bc1_0 where bc1_0.id=?
Hibernate: select bc1_0.id,bc1_0.name from blog_categories bc1_0 where bc1_0.id=?
Hibernate: select bc1_0.id,bc1_0.name from blog_categories bc1_0 where bc1_0.id=?
Hibernate: select bc1_0.id,bc1_0.name from blog_categories bc1_0 where bc1_0.id=?
Hibernate: insert into blog (author,content,created_date,header,modified_date,thumbnail,title) values (?,?,?,?,?,?,?)
Hibernate: insert into blog_category (blog_id,blog_category_id) values (?,?)
Hibernate: insert into blog_category (blog_id,blog_category_id) values (?,?)
Hibernate: select u1_0.id from user u1_0 where u1_0.email=? limit ?
Hibernate: insert into user (created_date,email,full_name,modified_date,password,phone,status) values (?,?,?,?,?,?,?)
Hibernate: select u1_0.id from user u1_0 where u1_0.email=? limit ?
Hibernate: insert into user (created_date,email,full_name,modified_date,password,phone,status) values (?,?,?,?,?,?,?)
Hibernate: select u1_0.id from user u1_0 where u1_0.email=? limit ?
Hibernate: insert into user (created_date,email,full_name,modified_date,password,phone,status) values (?,?,?,?,?,?,?)
Hibernate: select u1_0.id from user u1_0 where u1_0.email=? limit ?
Hibernate: insert into user (created_date,email,full_name,modified_date,password,phone,status) values (?,?,?,?,?,?,?)
Hibernate: select r1_0.id from review r1_0 where r1_0.user_id=? and r1_0.product_detail_id=? limit ?
Hibernate: select pd1_0.id,pd1_0.product_id,pd1_0.product_blog_id,pd1_0.views from product_detail pd1_0 where pd1_0.product_id=?
Hibernate: select p1_0.id,p1_0.created_date,p1_0.modified_date,p1_0.name,p1_0.origin,p1_0.price,p1_0.status,p1_0.thumbnail,p1_0.unit_in_stock from product p1_0 where p1_0.id=?
Hibernate: select pb1_0.id,pb1_0.content from product_blog pb1_0 where pb1_0.id=?
Hibernate: select u1_0.id,u1_0.created_date,u1_0.email,u1_0.full_name,u1_0.modified_date,u1_0.password,u1_0.phone,u1_0.status from user u1_0 where u1_0.id=?
Hibernate: insert into review (comments,created_date,modified_date,product_detail_id,rating,user_id) values (?,?,?,?,?,?)
Hibernate: select r1_0.id from review r1_0 where r1_0.user_id=? and r1_0.product_detail_id=? limit ?
Hibernate: select pd1_0.id,pd1_0.product_id,pd1_0.product_blog_id,pd1_0.views from product_detail pd1_0 where pd1_0.product_id=?
Hibernate: select p1_0.id,p1_0.created_date,p1_0.modified_date,p1_0.name,p1_0.origin,p1_0.price,p1_0.status,p1_0.thumbnail,p1_0.unit_in_stock from product p1_0 where p1_0.id=?
Hibernate: select pb1_0.id,pb1_0.content from product_blog pb1_0 where pb1_0.id=?
Hibernate: select u1_0.id,u1_0.created_date,u1_0.email,u1_0.full_name,u1_0.modified_date,u1_0.password,u1_0.phone,u1_0.status from user u1_0 where u1_0.id=?
Hibernate: insert into review (comments,created_date,modified_date,product_detail_id,rating,user_id) values (?,?,?,?,?,?)
Hibernate: select r1_0.id from review r1_0 where r1_0.user_id=? and r1_0.product_detail_id=? limit ?
Hibernate: select pd1_0.id,pd1_0.product_id,pd1_0.product_blog_id,pd1_0.views from product_detail pd1_0 where pd1_0.product_id=?
Hibernate: select p1_0.id,p1_0.created_date,p1_0.modified_date,p1_0.name,p1_0.origin,p1_0.price,p1_0.status,p1_0.thumbnail,p1_0.unit_in_stock from product p1_0 where p1_0.id=?
Hibernate: select pb1_0.id,pb1_0.content from product_blog pb1_0 where pb1_0.id=?
Hibernate: select u1_0.id,u1_0.created_date,u1_0.email,u1_0.full_name,u1_0.modified_date,u1_0.password,u1_0.phone,u1_0.status from user u1_0 where u1_0.id=?
Hibernate: insert into review (comments,created_date,modified_date,product_detail_id,rating,user_id) values (?,?,?,?,?,?)
Hibernate: select r1_0.id from review r1_0 where r1_0.user_id=? and r1_0.product_detail_id=? limit ?
Hibernate: select pd1_0.id,pd1_0.product_id,pd1_0.product_blog_id,pd1_0.views from product_detail pd1_0 where pd1_0.product_id=?
Hibernate: select p1_0.id,p1_0.created_date,p1_0.modified_date,p1_0.name,p1_0.origin,p1_0.price,p1_0.status,p1_0.thumbnail,p1_0.unit_in_stock from product p1_0 where p1_0.id=?
Hibernate: select pb1_0.id,pb1_0.content from product_blog pb1_0 where pb1_0.id=?
Hibernate: select u1_0.id,u1_0.created_date,u1_0.email,u1_0.full_name,u1_0.modified_date,u1_0.password,u1_0.phone,u1_0.status from user u1_0 where u1_0.id=?
Hibernate: insert into review (comments,created_date,modified_date,product_detail_id,rating,user_id) values (?,?,?,?,?,?)
Hibernate: insert into feedback (avatar,comment,name,rating,source) values (?,?,?,?,?)
Hibernate: insert into feedback (avatar,comment,name,rating,source) values (?,?,?,?,?)
Hibernate: insert into feedback (avatar,comment,name,rating,source) values (?,?,?,?,?)
]]></system-out>
    <system-err><![CDATA[WARNING: A Java agent has been loaded dynamically (/home/dbt19/.m2/repository/net/bytebuddy/byte-buddy-agent/1.14.17/byte-buddy-agent-1.14.17.jar)
WARNING: If a serviceability tool is in use, please run with -XX:+EnableDynamicAgentLoading to hide this warning
WARNING: If a serviceability tool is not in use, please run with -Djdk.instrument.traceUsage for more information
WARNING: Dynamic loading of agents will be disallowed by default in a future release
]]></system-err>
  </testcase>
</testsuite>